2019-03-01 05:51:30,321 [1] DEBUG ServiceLayers.Logger - Test
2019-03-01 05:55:32,312 [1] DEBUG ServiceLayers.Logger - Test
2019-03-04 22:50:20,823 [1] DEBUG ServiceLayers.Logger - Test
2019-03-04 22:55:24,608 [1] DEBUG ServiceLayers.Logger - Test
2019-03-04 23:35:37,521 [1] DEBUG ServiceLayers.Logger - Test
2019-03-05 01:53:30,589 [1] DEBUG ServiceLayers.Logger - Test
2019-03-05 02:04:28,329 [1] DEBUG ServiceLayers.Logger - Test
2019-03-05 02:16:48,337 [1] DEBUG ServiceLayers.Logger - Test
2019-03-05 02:33:34,060 [1] DEBUG ServiceLayers.Logger - Test
2019-03-05 02:34:46,309 [1] DEBUG ServiceLayers.Logger - Test
2019-03-05 02:38:54,917 [1] DEBUG ServiceLayers.Logger - Test
2019-03-05 02:41:35,843 [1] DEBUG ServiceLayers.Logger - Test
2019-03-05 03:37:17,724 [1] DEBUG ServiceLayers.Logger - Test
2019-03-05 03:39:57,609 [1] DEBUG ServiceLayers.Logger - Test
2019-03-05 03:40:07,906 [1] DEBUG ServiceLayers.Logger - Test
2019-03-05 11:32:35,207 [1] DEBUG ServiceLayers.Logger - Test
2019-03-06 00:00:24,391 [1] DEBUG ServiceLayers.Logger - Test
2019-03-06 00:04:23,639 [1] DEBUG ServiceLayers.Logger - Test
2019-03-06 00:50:57,082 [1] DEBUG ServiceLayers.Logger - Test
2019-03-06 01:49:20,172 [1] DEBUG ServiceLayers.Logger - Test
2019-03-06 02:47:29,389 [1] DEBUG ServiceLayers.Logger - Test
2019-03-06 02:48:34,430 [1] DEBUG ServiceLayers.Logger - Test
2019-03-09 00:38:44,110 [1] DEBUG ServiceLayers.Logger - Test
2019-03-09 02:59:28,184 [1] DEBUG ServiceLayers.Logger - Test
2019-03-11 02:03:37,580 [1] DEBUG ServiceLayers.Logger - Test
2019-03-11 02:08:54,790 [1] DEBUG ServiceLayers.Logger - Test
2019-03-11 02:10:26,576 [1] DEBUG ServiceLayers.Logger - Test
2019-03-11 02:15:07,950 [1] DEBUG ServiceLayers.Logger - Test
2019-03-11 02:22:25,198 [1] DEBUG ServiceLayers.Logger - Test
2019-03-11 02:23:53,596 [1] DEBUG ServiceLayers.Logger - Test
2019-03-11 03:02:03,097 [1] DEBUG ServiceLayers.Logger - Test
2019-03-11 03:06:59,052 [1] DEBUG ServiceLayers.Logger - Test
2019-03-11 03:11:17,250 [1] DEBUG ServiceLayers.Logger - Test
2019-03-11 03:13:32,610 [1] DEBUG ServiceLayers.Logger - Test
2019-03-11 03:17:31,779 [1] DEBUG ServiceLayers.Logger - Test
2019-03-11 18:42:54,284 [1] DEBUG ServiceLayers.Logger - Test
2019-03-11 18:46:53,801 [1] DEBUG ServiceLayers.Logger - Test
2019-03-11 18:47:42,767 [1] DEBUG ServiceLayers.Logger - Test
2019-03-12 00:13:04,923 [1] DEBUG ServiceLayers.Logger - Test
2019-03-12 00:16:47,259 [1] DEBUG ServiceLayers.Logger - Test
2019-03-12 00:20:32,291 [1] DEBUG ServiceLayers.Logger - Test
2019-03-12 00:24:27,477 [1] DEBUG ServiceLayers.Logger - Test
2019-03-12 00:28:28,441 [1] DEBUG ServiceLayers.Logger - Test
2019-03-12 00:33:15,635 [1] DEBUG ServiceLayers.Logger - Test
2019-03-12 00:43:48,424 [1] DEBUG ServiceLayers.Logger - Test
2019-03-12 00:44:12,944 [1] DEBUG ServiceLayers.Logger - Test
2019-03-12 00:47:26,062 [1] DEBUG ServiceLayers.Logger - Test
2019-03-12 01:03:59,882 [1] DEBUG ServiceLayers.Logger - Test
2019-03-12 01:07:21,695 [1] DEBUG ServiceLayers.Logger - Test
2019-03-12 01:08:06,185 [1] DEBUG ServiceLayers.Logger - Test
2019-03-12 01:23:27,944 [1] DEBUG ServiceLayers.Logger - Test
2019-03-12 01:30:11,588 [1] DEBUG ServiceLayers.Logger - Test
2019-03-12 01:38:09,956 [1] DEBUG ServiceLayers.Logger - Test
2019-03-12 01:41:05,816 [1] DEBUG ServiceLayers.Logger - Test
2019-03-12 01:42:47,249 [1] DEBUG ServiceLayers.Logger - Test
2019-03-12 21:02:12,602 [1] DEBUG ServiceLayers.Logger - Test
2019-03-12 21:03:38,345 [1] DEBUG ServiceLayers.Logger - Test
2019-03-12 21:09:35,792 [1] DEBUG ServiceLayers.Logger - Test
2019-03-12 21:14:30,347 [1] DEBUG ServiceLayers.Logger - Test
2019-03-12 21:16:38,583 [1] DEBUG ServiceLayers.Logger - Test
2019-03-12 21:17:10,792 [1] DEBUG ServiceLayers.Logger - Test
2019-03-14 02:25:10,479 [1] DEBUG ServiceLayers.Logger - Test
2019-03-14 02:30:09,828 [1] DEBUG ServiceLayers.Logger - Test
2019-03-14 02:32:05,220 [1] DEBUG ServiceLayers.Logger - Test
2019-03-14 02:33:50,349 [1] DEBUG ServiceLayers.Logger - Test
2019-03-14 02:34:00,772 [1] DEBUG ServiceLayers.Logger - Test
2019-03-14 02:56:42,999 [1] DEBUG ServiceLayers.Logger - Test
2019-03-14 02:58:37,490 [1] DEBUG ServiceLayers.Logger - Test
2019-03-14 02:59:15,844 [1] DEBUG ServiceLayers.Logger - Test
2019-03-14 03:10:21,174 [1] DEBUG ServiceLayers.Logger - Test
2019-03-14 03:11:04,699 [1] DEBUG ServiceLayers.Logger - Test
2019-03-14 03:12:28,930 [1] DEBUG ServiceLayers.Logger - Test
2019-03-14 03:14:40,219 [1] DEBUG ServiceLayers.Logger - Test
2019-03-14 03:18:23,741 [1] DEBUG ServiceLayers.Logger - Test
2019-03-14 03:24:17,343 [1] DEBUG ServiceLayers.Logger - Test
2019-03-14 03:30:02,547 [1] DEBUG ServiceLayers.Logger - Test
2019-03-14 03:32:32,743 [1] DEBUG ServiceLayers.Logger - Test
2019-03-14 03:33:48,825 [1] DEBUG ServiceLayers.Logger - Test
2019-03-14 21:26:36,809 [1] DEBUG ServiceLayers.Logger - Test
2019-03-14 21:30:36,597 [1] DEBUG ServiceLayers.Logger - Test
2019-03-14 21:35:51,837 [1] DEBUG ServiceLayers.Logger - Test
2019-03-14 21:41:06,486 [1] DEBUG ServiceLayers.Logger - Test
2019-03-15 00:14:32,472 [1] DEBUG ServiceLayers.Logger - Test
2019-03-15 01:07:40,724 [1] DEBUG ServiceLayers.Logger - Test
2019-03-15 01:09:30,268 [1] DEBUG ServiceLayers.Logger - Test
2019-03-15 01:09:36,546 [1] DEBUG ServiceLayers.Logger - Test
2019-03-15 20:36:45,440 [1] DEBUG ServiceLayers.Logger - Test
2019-03-15 20:37:31,306 [1] DEBUG ServiceLayers.Logger - Test
2019-03-15 20:38:44,679 [1] DEBUG ServiceLayers.Logger - Test
2019-03-15 20:41:40,558 [1] DEBUG ServiceLayers.Logger - Test
2019-03-15 20:58:46,022 [1] DEBUG ServiceLayers.Logger - Test
2019-03-15 21:25:36,184 [1] DEBUG ServiceLayers.Logger - Test
2019-03-15 21:28:08,876 [1] DEBUG ServiceLayers.Logger - Test
2019-03-15 21:51:49,952 [1] DEBUG ServiceLayers.Logger - Test
2019-03-15 21:59:56,567 [1] DEBUG ServiceLayers.Logger - Test
2019-03-15 22:00:55,270 [1] DEBUG ServiceLayers.Logger - Test
2019-03-15 22:19:15,354 [1] DEBUG ServiceLayers.Logger - Test
2019-03-15 22:22:01,209 [1] DEBUG ServiceLayers.Logger - Test
2019-03-15 22:22:50,331 [1] DEBUG ServiceLayers.Logger - Test
2019-03-15 22:51:10,017 [1] DEBUG ServiceLayers.Logger - Test
2019-03-15 22:57:01,150 [1] DEBUG ServiceLayers.Logger - Test
2019-03-16 23:55:55,411 [1] DEBUG ServiceLayers.Logger - Test
2019-03-17 00:00:39,159 [1] DEBUG ServiceLayers.Logger - Test
2019-03-17 00:04:04,336 [1] DEBUG ServiceLayers.Logger - Test
2019-03-19 00:12:15,061 [1] DEBUG ServiceLayers.Logger - Test
2019-03-20 11:55:59,640 [1] DEBUG ServiceLayers.Logger - Test
2019-03-21 02:21:41,773 [1] DEBUG ServiceLayers.Logger - Test
2019-03-21 02:21:47,665 [1] DEBUG ServiceLayers.Logger - Test
2019-03-21 02:24:31,023 [1] DEBUG ServiceLayers.Logger - Test
2019-03-21 02:24:39,657 [1] DEBUG ServiceLayers.Logger - Test
2019-03-21 02:27:29,029 [1] DEBUG ServiceLayers.Logger - Test
2019-03-21 02:35:31,011 [1] DEBUG ServiceLayers.Logger - Test
2019-03-21 21:26:06,122 [1] DEBUG ServiceLayers.Logger - Test
2019-03-21 21:27:13,648 [1] DEBUG ServiceLayers.Logger - Test
2019-03-23 02:51:49,280 [1] DEBUG ServiceLayers.Logger - Test
2019-03-23 02:52:30,189 [1] DEBUG ServiceLayers.Logger - Test
2019-03-23 02:53:48,199 [1] DEBUG ServiceLayers.Logger - Test
2019-03-23 02:54:43,602 [1] DEBUG ServiceLayers.Logger - Test
2019-03-23 02:57:17,090 [1] DEBUG ServiceLayers.Logger - Test
2019-03-23 03:11:38,058 [1] DEBUG ServiceLayers.Logger - Test
2019-03-23 03:17:47,438 [1] DEBUG ServiceLayers.Logger - Test
2019-03-23 03:20:02,122 [1] DEBUG ServiceLayers.Logger - Test
2019-03-24 22:06:17,188 [1] DEBUG ServiceLayers.Logger - Test
2019-03-25 11:38:06,381 [1] DEBUG ServiceLayers.Logger - Test
2019-03-25 11:46:55,644 [1] DEBUG ServiceLayers.Logger - Test
2019-03-25 13:09:12,746 [1] DEBUG ServiceLayers.Logger - Test
2019-03-25 13:23:58,142 [1] DEBUG ServiceLayers.Logger - Test
2019-03-25 13:30:39,984 [1] DEBUG ServiceLayers.Logger - Test
2019-03-25 13:31:28,813 [1] DEBUG ServiceLayers.Logger - Test
2019-03-25 13:33:10,590 [1] DEBUG ServiceLayers.Logger - Test
2019-03-25 13:44:17,232 [1] DEBUG ServiceLayers.Logger - Test
2019-03-25 13:52:05,942 [1] DEBUG ServiceLayers.Logger - Test
2019-03-25 13:55:23,520 [1] DEBUG ServiceLayers.Logger - Test
2019-03-26 22:44:26,842 [1] DEBUG ServiceLayers.Logger - Test
2019-03-26 22:49:36,488 [1] DEBUG ServiceLayers.Logger - Test
2019-03-27 00:29:01,328 [1] DEBUG ServiceLayers.Logger - Test
2019-03-27 00:43:03,646 [1] DEBUG ServiceLayers.Logger - Test
2019-03-27 00:43:14,093 [10] FATAL ServiceLayers.Logger - Incorrect Content-Type: application/json
2019-03-27 00:43:14,160 [10] FATAL ServiceLayers.Logger - Microsoft.AspNetCore.Http
2019-03-27 00:43:14,161 [10] FATAL ServiceLayers.Logger - ReadForm
2019-03-27 00:43:14,162 [10] FATAL ServiceLayers.Logger -    at Microsoft.AspNetCore.Http.Features.FormFeature.ReadForm()
   at Microsoft.AspNetCore.Http.Internal.DefaultHttpRequest.get_Form()
   at SunSD.Controllers.ProductController.Create(ProductDTO productDTO) in C:\Users\LENOVO\source\Workspaces\SunSD\SunSD\Controllers\ProductController.cs:line 57
2019-03-27 00:43:40,730 [1] DEBUG ServiceLayers.Logger - Test
2019-03-27 00:45:10,268 [1] DEBUG ServiceLayers.Logger - Test
2019-03-27 00:50:00,423 [1] DEBUG ServiceLayers.Logger - Test
2019-03-27 01:22:54,979 [1] DEBUG ServiceLayers.Logger - Test
2019-03-27 01:33:35,826 [1] DEBUG ServiceLayers.Logger - Test
2019-03-27 01:36:03,233 [1] DEBUG ServiceLayers.Logger - Test
2019-03-27 02:34:26,217 [1] DEBUG ServiceLayers.Logger - Test
2019-03-27 02:35:41,239 [1] DEBUG ServiceLayers.Logger - Test
2019-03-29 01:54:56,025 [1] DEBUG ServiceLayers.Logger - Test
2019-03-29 02:23:50,030 [1] DEBUG ServiceLayers.Logger - Test
2019-03-29 17:58:47,177 [1] DEBUG ServiceLayers.Logger - Test
2019-03-29 19:38:32,031 [1] DEBUG ServiceLayers.Logger - Test
2019-03-29 19:40:37,575 [1] DEBUG ServiceLayers.Logger - Test
2019-03-29 19:41:22,720 [1] DEBUG ServiceLayers.Logger - Test
2019-03-29 20:06:03,382 [1] DEBUG ServiceLayers.Logger - Test
2019-03-29 20:07:17,192 [1] DEBUG ServiceLayers.Logger - Test
2019-03-29 20:12:30,854 [1] DEBUG ServiceLayers.Logger - Test
2019-03-29 20:14:50,231 [1] DEBUG ServiceLayers.Logger - Test
